<?xml version="1.0"?>
<testsuite name="PhantomJS 2.1.1 (Linux 0.0.0)" package="" timestamp="2016-12-12T16:47:41" id="0" hostname="gerson" tests="19" errors="0" failures="9" time="0.354">
  <properties>
    <property name="browser.fullName" value="Mozilla/5.0 (Unknown; Linux x86_64) AppleWebKit/538.1 (KHTML, like Gecko) PhantomJS/2.1.1 Safari/538.1"/>
  </properties>
  <testcase name="BookingsCtrl should bind to the field data" time="0.06" classname="PhantomJS_2_1_1_(Linux_0_0_0).BookingsCtrl">
    <failure type="">ReferenceError: Can't find variable: google (line 9)
www/js/controllers.js:9:528
[native code]
instantiate@www/lib/ionic/js/angular/angular.js:4640:61
$controller@www/lib/ionic/js/angular/angular.js:10042:39
www/lib/angular-mocks/angular-mocks.js:2234:21
tests/unit-tests/booking.tests.js:11:29
invoke@www/lib/ionic/js/angular/angular.js:4625:24
WorkFn@www/lib/angular-mocks/angular-mocks.js:3098:26
loaded@http://localhost:9876/context.js:151:17
inject@www/lib/angular-mocks/angular-mocks.js:3065:28
tests/unit-tests/booking.tests.js:7:19
global code@tests/unit-tests/booking.tests.js:1:9
</failure>
  </testcase>
  <testcase name="BookingsCtrl should submit a request to the backend service" time="0.019" classname="PhantomJS_2_1_1_(Linux_0_0_0).BookingsCtrl">
    <failure type="">ReferenceError: Can't find variable: google in www/js/controllers.js (line 9)
www/js/controllers.js:9:528
[native code]
instantiate@www/lib/ionic/js/angular/angular.js:4640:61
$controller@www/lib/ionic/js/angular/angular.js:10042:39
www/lib/angular-mocks/angular-mocks.js:2234:21
tests/unit-tests/booking.tests.js:11:29
invoke@www/lib/ionic/js/angular/angular.js:4625:24
WorkFn@www/lib/angular-mocks/angular-mocks.js:3098:26
loaded@http://localhost:9876/context.js:151:17
</failure>
  </testcase>
  <testcase name="BookingsCtrl should get the correct address" time="0.016" classname="PhantomJS_2_1_1_(Linux_0_0_0).BookingsCtrl">
    <failure type="">ReferenceError: Can't find variable: google in www/js/controllers.js (line 9)
www/js/controllers.js:9:528
[native code]
instantiate@www/lib/ionic/js/angular/angular.js:4640:61
$controller@www/lib/ionic/js/angular/angular.js:10042:39
www/lib/angular-mocks/angular-mocks.js:2234:21
tests/unit-tests/booking.tests.js:11:29
invoke@www/lib/ionic/js/angular/angular.js:4625:24
WorkFn@www/lib/angular-mocks/angular-mocks.js:3098:26
loaded@http://localhost:9876/context.js:151:17
</failure>
    <failure type="">TypeError: undefined is not a function (evaluating 'scope.getAddressFromCoordinates(latitude, longitude)') in tests/unit-tests/booking.tests.js (line 46)
tests/unit-tests/booking.tests.js:46:41
loaded@http://localhost:9876/context.js:151:17
</failure>
  </testcase>
  <testcase name="BookingsCtrl should confirm booking if all data is correct" time="0.018" classname="PhantomJS_2_1_1_(Linux_0_0_0).BookingsCtrl">
    <failure type="">ReferenceError: Can't find variable: google in www/js/controllers.js (line 9)
www/js/controllers.js:9:528
[native code]
instantiate@www/lib/ionic/js/angular/angular.js:4640:61
$controller@www/lib/ionic/js/angular/angular.js:10042:39
www/lib/angular-mocks/angular-mocks.js:2234:21
tests/unit-tests/booking.tests.js:11:29
invoke@www/lib/ionic/js/angular/angular.js:4625:24
WorkFn@www/lib/angular-mocks/angular-mocks.js:3098:26
loaded@http://localhost:9876/context.js:151:17
</failure>
    <failure type="">TypeError: undefined is not a function (evaluating 'scope.submitBookingInfo(pickupLat, pickupLng, destLat, destLng)') in tests/unit-tests/booking.tests.js (line 63)
tests/unit-tests/booking.tests.js:63:33
loaded@http://localhost:9876/context.js:151:17
</failure>
  </testcase>
  <testcase name="BookingsCtrl Should fail if a location has not been set" time="0.018" classname="PhantomJS_2_1_1_(Linux_0_0_0).BookingsCtrl">
    <failure type="">ReferenceError: Can't find variable: google in www/js/controllers.js (line 9)
www/js/controllers.js:9:528
[native code]
instantiate@www/lib/ionic/js/angular/angular.js:4640:61
$controller@www/lib/ionic/js/angular/angular.js:10042:39
www/lib/angular-mocks/angular-mocks.js:2234:21
tests/unit-tests/booking.tests.js:11:29
invoke@www/lib/ionic/js/angular/angular.js:4625:24
WorkFn@www/lib/angular-mocks/angular-mocks.js:3098:26
loaded@http://localhost:9876/context.js:151:17
</failure>
    <failure type="">TypeError: undefined is not a function (evaluating 'scope.submitBookingInfo(undefined, undefined, undefined, undefined)') in tests/unit-tests/booking.tests.js (line 67)
tests/unit-tests/booking.tests.js:67:33
loaded@http://localhost:9876/context.js:151:17
</failure>
  </testcase>
  <testcase name="BookingsCtrl Should not allow verification if address is empty" time="0.017" classname="PhantomJS_2_1_1_(Linux_0_0_0).BookingsCtrl">
    <failure type="">ReferenceError: Can't find variable: google in www/js/controllers.js (line 9)
www/js/controllers.js:9:528
[native code]
instantiate@www/lib/ionic/js/angular/angular.js:4640:61
$controller@www/lib/ionic/js/angular/angular.js:10042:39
www/lib/angular-mocks/angular-mocks.js:2234:21
tests/unit-tests/booking.tests.js:11:29
invoke@www/lib/ionic/js/angular/angular.js:4625:24
WorkFn@www/lib/angular-mocks/angular-mocks.js:3098:26
loaded@http://localhost:9876/context.js:151:17
</failure>
    <failure type="">TypeError: undefined is not a function (evaluating 'scope.getCoordinatesFromAddress(address)') in tests/unit-tests/booking.tests.js (line 73)
tests/unit-tests/booking.tests.js:73:41
loaded@http://localhost:9876/context.js:151:17
</failure>
  </testcase>
  <testcase name="BookingsCtrl should detect the input address correctly and convert it to coordinates" time="0.021" classname="PhantomJS_2_1_1_(Linux_0_0_0).BookingsCtrl">
    <failure type="">ReferenceError: Can't find variable: google in www/js/controllers.js (line 9)
www/js/controllers.js:9:528
[native code]
instantiate@www/lib/ionic/js/angular/angular.js:4640:61
$controller@www/lib/ionic/js/angular/angular.js:10042:39
www/lib/angular-mocks/angular-mocks.js:2234:21
tests/unit-tests/booking.tests.js:11:29
invoke@www/lib/ionic/js/angular/angular.js:4625:24
WorkFn@www/lib/angular-mocks/angular-mocks.js:3098:26
loaded@http://localhost:9876/context.js:151:17
</failure>
    <failure type="">TypeError: undefined is not a function (evaluating 'scope.submitPickupAddress(address)') in tests/unit-tests/booking.tests.js (line 83)
tests/unit-tests/booking.tests.js:83:35
loaded@http://localhost:9876/context.js:151:17
</failure>
  </testcase>
  <testcase name="BookingsCtrl should detect the destination address correctly and convert it to coordinates" time="0.017" classname="PhantomJS_2_1_1_(Linux_0_0_0).BookingsCtrl">
    <failure type="">ReferenceError: Can't find variable: google in www/js/controllers.js (line 9)
www/js/controllers.js:9:528
[native code]
instantiate@www/lib/ionic/js/angular/angular.js:4640:61
$controller@www/lib/ionic/js/angular/angular.js:10042:39
www/lib/angular-mocks/angular-mocks.js:2234:21
tests/unit-tests/booking.tests.js:11:29
invoke@www/lib/ionic/js/angular/angular.js:4625:24
WorkFn@www/lib/angular-mocks/angular-mocks.js:3098:26
loaded@http://localhost:9876/context.js:151:17
</failure>
    <failure type="">TypeError: undefined is not an object (evaluating 'scope.formData.destinationAddress = 'Juhan Liivi 2, Tartu, Estonia'') in tests/unit-tests/booking.tests.js (line 87)
tests/unit-tests/booking.tests.js:87:17
loaded@http://localhost:9876/context.js:151:17
</failure>
  </testcase>
  <testcase name="BookingsCtrl should draw coordinates" time="0" classname="PhantomJS_2_1_1_(Linux_0_0_0).BookingsCtrl">
    <skipped/>
  </testcase>
  <testcase name="LoginCtrl Should work with correct logins" time="0.016" classname="PhantomJS_2_1_1_(Linux_0_0_0).LoginCtrl"/>
  <testcase name="LoginCtrl Should not work with incorrect logins" time="0" classname="PhantomJS_2_1_1_(Linux_0_0_0).LoginCtrl">
    <skipped/>
  </testcase>
  <testcase name="LoginCtrl Should not work with empty fields" time="0.036" classname="PhantomJS_2_1_1_(Linux_0_0_0).LoginCtrl"/>
  <testcase name="LoginCtrl Should login remotely" time="0.018" classname="PhantomJS_2_1_1_(Linux_0_0_0).LoginCtrl">
    <failure type="">Error: Unexpected request: GET templates/profile/create.html
Expected POST http://strs-taxi.herokuapp.com/api/users/login in www/lib/angular-mocks/angular-mocks.js (line 1420)
$httpBackend@www/lib/angular-mocks/angular-mocks.js:1420:90
sendReq@www/lib/ionic/js/angular/angular.js:11423:21
serverRequest@www/lib/ionic/js/angular/angular.js:11133:23
processQueue@www/lib/ionic/js/angular/angular.js:15757:30
www/lib/ionic/js/angular/angular.js:15773:39
$eval@www/lib/ionic/js/angular/angular.js:17025:28
$digest@www/lib/ionic/js/angular/angular.js:16841:36
flush@www/lib/angular-mocks/angular-mocks.js:1806:45
tests/unit-tests/login.tests.js:40:21
loaded@http://localhost:9876/context.js:151:17
</failure>
  </testcase>
  <testcase name="MenuCtrl Should show confirmation on user logout" time="0.025" classname="PhantomJS_2_1_1_(Linux_0_0_0).MenuCtrl"/>
  <testcase name="PaymentsHistoryCtrl Should return Payments History" time="0.02" classname="PhantomJS_2_1_1_(Linux_0_0_0).PaymentsHistoryCtrl"/>
  <testcase name="ProfileCtrl Should not create account if fields are empty" time="0.019" classname="PhantomJS_2_1_1_(Linux_0_0_0).ProfileCtrl"/>
  <testcase name="ProfileCtrl Should not create account if passwords don't coincide" time="0.007" classname="PhantomJS_2_1_1_(Linux_0_0_0).ProfileCtrl"/>
  <testcase name="ProfileCtrl Should not create account if password is shorter than 6 characters" time="0.027" classname="PhantomJS_2_1_1_(Linux_0_0_0).ProfileCtrl"/>
  <testcase name="ProfileCtrl Should create account if everything is correct" time="0" classname="PhantomJS_2_1_1_(Linux_0_0_0).ProfileCtrl">
    <skipped/>
  </testcase>
  <system-out>
    <![CDATA[
]]>
  </system-out>
  <system-err/>
</testsuite>